[2025-11-18 15:25:59,408] INFO - 🚀 Starting preprocessing...
[2025-11-18 15:26:00,440] INFO - ✅ Dataset loaded: 57650 rows.
[2025-11-18 15:26:00,448] INFO - ✅ Downsampled to 10000 rows.
[2025-11-18 15:26:00,452] INFO - 🧹 Cleaning lyrics text...
[2025-11-18 15:26:03,705] INFO - ✅ Lyrics cleaned.
[2025-11-18 15:26:03,706] INFO - 🔠 Vectorizing lyrics with TF-IDF...
[2025-11-18 15:26:04,154] INFO - ✅ TF-IDF matrix shape: (10000, 5000)
[2025-11-18 15:26:04,178] INFO - 💾 Data saved to pkl/ directory.
[2025-11-18 15:26:04,178] INFO - ✅ Preprocessing complete.
[2025-11-18 15:28:11,606] INFO - 🚀 Starting preprocessing...
[2025-11-18 15:28:12,723] INFO - ✅ Dataset loaded: 57650 rows.
[2025-11-18 15:28:12,730] INFO - ✅ Downsampled to 10000 rows.
[2025-11-18 15:28:12,733] INFO - 🧹 Cleaning lyrics text...
[2025-11-18 15:28:16,080] INFO - ✅ Lyrics cleaned.
[2025-11-18 15:28:16,081] INFO - 🔠 Vectorizing lyrics with TF-IDF...
[2025-11-18 15:28:16,515] INFO - ✅ TF-IDF matrix shape: (10000, 5000)
[2025-11-18 15:28:16,537] INFO - 💾 Data saved to pkl/ directory.
[2025-11-18 15:28:16,538] INFO - ✅ Preprocessing complete.
[2025-11-18 15:28:31,385] INFO - 🚀 Starting preprocessing...
[2025-11-18 15:28:32,464] INFO - ✅ Dataset loaded: 57650 rows.
[2025-11-18 15:28:32,472] INFO - ✅ Downsampled to 10000 rows.
[2025-11-18 15:28:32,474] INFO - 🧹 Cleaning lyrics text...
[2025-11-18 15:28:35,721] INFO - ✅ Lyrics cleaned.
[2025-11-18 15:28:35,722] INFO - 🔠 Vectorizing lyrics with TF-IDF...
[2025-11-18 15:28:36,159] INFO - ✅ TF-IDF matrix shape: (10000, 5000)
[2025-11-18 15:28:36,182] INFO - 💾 Data saved to pkl/ directory.
[2025-11-18 15:28:36,182] INFO - ✅ Preprocessing complete.
[2025-11-18 15:30:48,897] INFO - 🚀 Starting preprocessing...
[2025-11-18 15:30:49,991] INFO - ✅ Dataset loaded: 57650 rows.
[2025-11-18 15:30:49,999] INFO - ✅ Downsampled to 10000 rows.
[2025-11-18 15:30:50,002] INFO - 🧹 Cleaning lyrics text...
[2025-11-18 15:30:56,191] INFO - ✅ Lyrics cleaned.
[2025-11-18 15:30:56,192] INFO - 🔠 Vectorizing lyrics with TF-IDF...
[2025-11-18 15:30:57,676] INFO - ✅ TF-IDF matrix shape: (10000, 5000)
[2025-11-18 15:30:57,731] INFO - 💾 Data saved to pkl/ directory.
[2025-11-18 15:30:57,732] INFO - ✅ Preprocessing complete.
[2025-11-18 15:31:43,717] INFO - 🚀 Starting preprocessing...
[2025-11-18 15:31:44,765] INFO - ✅ Dataset loaded: 57650 rows.
[2025-11-18 15:31:44,773] INFO - ✅ Downsampled to 10000 rows.
[2025-11-18 15:31:44,775] INFO - 🧹 Cleaning lyrics text...
[2025-11-18 15:31:48,002] INFO - ✅ Lyrics cleaned.
[2025-11-18 15:31:48,003] INFO - 🔠 Vectorizing lyrics with TF-IDF...
[2025-11-18 15:31:48,447] INFO - ✅ TF-IDF matrix shape: (10000, 5000)
[2025-11-18 15:31:48,472] INFO - 💾 Data saved to pkl/ directory.
[2025-11-18 15:31:48,473] INFO - ✅ Preprocessing complete.
[2025-11-20 20:15:53,627] INFO - 🚀 Starting preprocessing...
[2025-11-20 20:15:57,093] INFO - ✅ Dataset loaded: 57650 rows.
[2025-11-20 20:15:57,103] INFO - ✅ Downsampled to 10000 rows.
[2025-11-20 20:15:57,115] INFO - 🧹 Cleaning lyrics text...
[2025-11-20 20:16:00,438] INFO - ✅ Lyrics cleaned.
[2025-11-20 20:16:00,438] INFO - 🔠 Vectorizing lyrics with TF-IDF...
[2025-11-20 20:16:00,934] INFO - ✅ TF-IDF matrix shape: (10000, 5000)
[2025-11-20 20:16:00,955] INFO - 💾 Data saved to pkl/ directory.
[2025-11-20 20:16:00,955] INFO - ✅ Preprocessing complete.
